# JRE version: Java(TM) SE Runtime Environment (22.0.2+9) (build 22.0.2+9-70)
# Java VM: Java HotSpot(TM) 64-Bit Server VM (22.0.2+9-70, mixed mode, emulated-client, sharing, tiered, compressed oops, compressed class ptrs, g1 gc, bsd-aarch64)
GC Precious Log:
 CardTable entry size: 512
 Card Set container configuration: InlinePtr #cards 4 size 8 Array Of Cards #cards 16 size 48 Howl #buckets 8 coarsen threshold 3686 Howl Bitmap #cards 512 size 80 coarsen threshold 460 Card regions per heap region 1 cards per card region 4096
 CPUs: 8 total, 8 available
 Memory: 16384M
 Large Page Support: Disabled
 NUMA Support: Disabled
 Compressed Oops: Enabled (Zero based)
 Heap Region Size: 2M
 Heap Min Capacity: 8M
 Heap Initial Capacity: 256M
 Heap Max Capacity: 4G
 Pre-touch: Disabled
 Parallel Workers: 8
 Concurrent Workers: 2
 Concurrent Refinement Workers: 8
 Periodic GC: Disabled
Heap:
 garbage-first heap   total reserved 4194304K, committed 417792K, used 266919K [0x0000000700000000, 0x0000000800000000)
  region size 2048K, 63 young (129024K), 9 survivors (18432K)
 Metaspace       used 113349K, committed 115072K, reserved 1179648K
  class space    used 14398K, committed 15168K, reserved 1048576K
GC Heap History (20 events):
Event: 1405.421 GC heap after
{Heap after GC invocations=167 (full 14):
 garbage-first heap   total reserved 4194304K, committed 348160K, used 105886K [0x0000000700000000, 0x0000000800000000)
  region size 2048K, 5 young (10240K), 5 survivors (10240K)
 Metaspace       used 110000K, committed 111552K, reserved 1179648K
  class space    used 14112K, committed 14848K, reserved 1048576K
}
Event: 1405.645 GC heap before
{Heap before GC invocations=168 (full 14):
 garbage-first heap   total reserved 4194304K, committed 348160K, used 282014K [0x0000000700000000, 0x0000000800000000)
  region size 2048K, 91 young (186368K), 5 survivors (10240K)
 Metaspace       used 110531K, committed 112064K, reserved 1179648K
  class space    used 14143K, committed 14848K, reserved 1048576K
}
Event: 1405.648 GC heap after
{Heap after GC invocations=169 (full 14):
 garbage-first heap   total reserved 4194304K, committed 348160K, used 109079K [0x0000000700000000, 0x0000000800000000)
  region size 2048K, 6 young (12288K), 6 survivors (12288K)
 Metaspace       used 110531K, committed 112064K, reserved 1179648K
  class space    used 14143K, committed 14848K, reserved 1048576K
}
Event: 1405.765 GC heap before
{Heap before GC invocations=169 (full 14):
 garbage-first heap   total reserved 4194304K, committed 348160K, used 289303K [0x0000000700000000, 0x0000000800000000)
  region size 2048K, 95 young (194560K), 6 survivors (12288K)
 Metaspace       used 110778K, committed 112256K, reserved 1179648K
  class space    used 14158K, committed 14848K, reserved 1048576K
}
Event: 1405.770 GC heap after
{Heap after GC invocations=170 (full 14):
 garbage-first heap   total reserved 4194304K, committed 348160K, used 119330K [0x0000000700000000, 0x0000000800000000)
  region size 2048K, 11 young (22528K), 11 survivors (22528K)
 Metaspace       used 110778K, committed 112256K, reserved 1179648K
  class space    used 14158K, committed 14848K, reserved 1048576K
}
Event: 1405.849 GC heap before
{Heap before GC invocations=170 (full 14):
 garbage-first heap   total reserved 4194304K, committed 348160K, used 293410K [0x0000000700000000, 0x0000000800000000)
  region size 2048K, 97 young (198656K), 11 survivors (22528K)
 Metaspace       used 110782K, committed 112320K, reserved 1179648K
  class space    used 14159K, committed 14848K, reserved 1048576K
}
Event: 1405.853 GC heap after
{Heap after GC invocations=171 (full 14):
 garbage-first heap   total reserved 4194304K, committed 348160K, used 112420K [0x0000000700000000, 0x0000000800000000)
  region size 2048K, 2 young (4096K), 2 survivors (4096K)
 Metaspace       used 110782K, committed 112320K, reserved 1179648K
  class space    used 14159K, committed 14848K, reserved 1048576K
}
Event: 1414.603 GC heap before
{Heap before GC invocations=172 (full 14):
 garbage-first heap   total reserved 4194304K, committed 348160K, used 200484K [0x0000000700000000, 0x0000000800000000)
  region size 2048K, 31 young (63488K), 2 survivors (4096K)
 Metaspace       used 110794K, committed 112320K, reserved 1179648K
  class space    used 14160K, committed 14848K, reserved 1048576K
}
Event: 1414.610 GC heap after
{Heap after GC invocations=173 (full 14):
 garbage-first heap   total reserved 4194304K, committed 348160K, used 114630K [0x0000000700000000, 0x0000000800000000)
  region size 2048K, 4 young (8192K), 4 survivors (8192K)
 Metaspace       used 110794K, committed 112320K, reserved 1179648K
  class space    used 14160K, committed 14848K, reserved 1048576K
}
Event: 1526.697 GC heap before
{Heap before GC invocations=174 (full 14):
 garbage-first heap   total reserved 4194304K, committed 348160K, used 210886K [0x0000000700000000, 0x0000000800000000)
  region size 2048K, 46 young (94208K), 4 survivors (8192K)
 Metaspace       used 111240K, committed 112960K, reserved 1179648K
  class space    used 14247K, committed 15040K, reserved 1048576K
}
Event: 1526.811 GC heap after
{Heap after GC invocations=175 (full 15):
 garbage-first heap   total reserved 4194304K, committed 348160K, used 108258K [0x0000000700000000, 0x0000000800000000)
  region size 2048K, 0 young (0K), 0 survivors (0K)
 Metaspace       used 111240K, committed 112960K, reserved 1179648K
  class space    used 14247K, committed 15040K, reserved 1048576K
}
Event: 1527.254 GC heap before
{Heap before GC invocations=175 (full 15):
 garbage-first heap   total reserved 4194304K, committed 348160K, used 214754K [0x0000000700000000, 0x0000000800000000)
  region size 2048K, 54 young (110592K), 0 survivors (0K)
 Metaspace       used 112212K, committed 113920K, reserved 1179648K
  class space    used 14332K, committed 15104K, reserved 1048576K
}
Event: 1527.257 GC heap after
{Heap after GC invocations=176 (full 15):
 garbage-first heap   total reserved 4194304K, committed 348160K, used 114696K [0x0000000700000000, 0x0000000800000000)
  region size 2048K, 4 young (8192K), 4 survivors (8192K)
 Metaspace       used 112212K, committed 113920K, reserved 1179648K
  class space    used 14332K, committed 15104K, reserved 1048576K
}
Event: 1527.860 GC heap before
{Heap before GC invocations=177 (full 15):
 garbage-first heap   total reserved 4194304K, committed 348160K, used 294920K [0x0000000700000000, 0x0000000800000000)
  region size 2048K, 92 young (188416K), 4 survivors (8192K)
 Metaspace       used 112862K, committed 114560K, reserved 1179648K
  class space    used 14371K, committed 15168K, reserved 1048576K
}
Event: 1527.864 GC heap after
{Heap after GC invocations=178 (full 15):
 garbage-first heap   total reserved 4194304K, committed 348160K, used 118449K [0x0000000700000000, 0x0000000800000000)
  region size 2048K, 5 young (10240K), 5 survivors (10240K)
 Metaspace       used 112862K, committed 114560K, reserved 1179648K
  class space    used 14371K, committed 15168K, reserved 1048576K
}
Event: 1528.127 GC heap before
{Heap before GC invocations=178 (full 15):
 garbage-first heap   total reserved 4194304K, committed 348160K, used 300721K [0x0000000700000000, 0x0000000800000000)
  region size 2048K, 95 young (194560K), 5 survivors (10240K)
 Metaspace       used 113346K, committed 115008K, reserved 1179648K
  class space    used 14398K, committed 15168K, reserved 1048576K
}
Event: 1528.136 GC heap after
{Heap after GC invocations=179 (full 15):
 garbage-first heap   total reserved 4194304K, committed 348160K, used 138836K [0x0000000700000000, 0x0000000800000000)
  region size 2048K, 12 young (24576K), 12 survivors (24576K)
 Metaspace       used 113346K, committed 115008K, reserved 1179648K
  class space    used 14398K, committed 15168K, reserved 1048576K
}
Event: 1528.198 GC heap before
{Heap before GC invocations=179 (full 15):
 garbage-first heap   total reserved 4194304K, committed 348160K, used 296532K [0x0000000700000000, 0x0000000800000000)
  region size 2048K, 90 young (184320K), 12 survivors (24576K)
 Metaspace       used 113346K, committed 115008K, reserved 1179648K
  class space    used 14398K, committed 15168K, reserved 1048576K
}
Event: 1528.206 GC heap after
{Heap after GC invocations=180 (full 15):
 garbage-first heap   total reserved 4194304K, committed 417792K, used 157428K [0x0000000700000000, 0x0000000800000000)
  region size 2048K, 9 young (18432K), 9 survivors (18432K)
 Metaspace       used 113346K, committed 115008K, reserved 1179648K
  class space    used 14398K, committed 15168K, reserved 1048576K
}
Event: 1553.177 GC heap before
{Heap before GC invocations=181 (full 15):
 garbage-first heap   total reserved 4194304K, committed 417792K, used 263924K [0x0000000700000000, 0x0000000800000000)
  region size 2048K, 63 young (129024K), 9 survivors (18432K)
 Metaspace       used 113349K, committed 115072K, reserved 1179648K
  class space    used 14398K, committed 15168K, reserved 1048576K
}

