# JRE version: Java(TM) SE Runtime Environment (8.0_311-b11) (build 1.8.0_311-b11)
# Java VM: Java HotSpot(TM) 64-Bit Server VM (25.311-b11 mixed mode bsd-amd64 compressed oops)
Heap:
 PSYoungGen      total 614400K, used 325882K [0x000000076ab00000, 0x0000000794c80000, 0x00000007c0000000)
  eden space 607232K, 53% used [0x000000076ab00000,0x000000077e93e918,0x000000078fc00000)
  from space 7168K, 0% used [0x0000000794580000,0x0000000794580000,0x0000000794c80000)
  to   space 25088K, 0% used [0x0000000791b80000,0x0000000791b80000,0x0000000793400000)
 ParOldGen       total 172544K, used 36883K [0x00000006c0000000, 0x00000006ca880000, 0x000000076ab00000)
  object space 172544K, 21% used [0x00000006c0000000,0x00000006c2404d70,0x00000006ca880000)
 Metaspace       used 74439K, capacity 79284K, committed 79448K, reserved 1118208K
  class space    used 10478K, capacity 11325K, committed 11392K, reserved 1048576K
GC Heap History (10 events):
Event: 31.572 GC heap before
{Heap before GC invocations=11 (full 3):
 PSYoungGen      total 430592K, used 413696K [0x000000076ab00000, 0x0000000796d00000, 0x00000007c0000000)
  eden space 413696K, 100% used [0x000000076ab00000,0x0000000783f00000,0x0000000783f00000)
  from space 16896K, 0% used [0x0000000783f00000,0x0000000783f00000,0x0000000784f80000)
  to   space 23552K, 0% used [0x0000000795600000,0x0000000795600000,0x0000000796d00000)
 ParOldGen       total 172544K, used 36496K [0x00000006c0000000, 0x00000006ca880000, 0x000000076ab00000)
  object space 172544K, 21% used [0x00000006c0000000,0x00000006c23a4260,0x00000006ca880000)
 Metaspace       used 72125K, capacity 76588K, committed 76888K, reserved 1116160K
  class space    used 10245K, capacity 11046K, committed 11136K, reserved 1048576K
Event: 31.654 GC heap after
Heap after GC invocations=11 (full 3):
 PSYoungGen      total 628736K, used 21413K [0x000000076ab00000, 0x0000000796b00000, 0x00000007c0000000)
  eden space 607232K, 0% used [0x000000076ab00000,0x000000076ab00000,0x000000078fc00000)
  from space 21504K, 99% used [0x0000000795600000,0x0000000796ae9450,0x0000000796b00000)
  to   space 26112K, 0% used [0x0000000793800000,0x0000000793800000,0x0000000795180000)
 ParOldGen       total 172544K, used 36504K [0x00000006c0000000, 0x00000006ca880000, 0x000000076ab00000)
  object space 172544K, 21% used [0x00000006c0000000,0x00000006c23a6260,0x00000006ca880000)
 Metaspace       used 72125K, capacity 76588K, committed 76888K, reserved 1116160K
  class space    used 10245K, capacity 11046K, committed 11136K, reserved 1048576K
}
Event: 454.784 GC heap before
{Heap before GC invocations=12 (full 3):
 PSYoungGen      total 628736K, used 330042K [0x000000076ab00000, 0x0000000796b00000, 0x00000007c0000000)
  eden space 607232K, 50% used [0x000000076ab00000,0x000000077d865648,0x000000078fc00000)
  from space 21504K, 99% used [0x0000000795600000,0x0000000796ae9450,0x0000000796b00000)
  to   space 26112K, 0% used [0x0000000793800000,0x0000000793800000,0x0000000795180000)
 ParOldGen       total 172544K, used 36504K [0x00000006c0000000, 0x00000006ca880000, 0x000000076ab00000)
  object space 172544K, 21% used [0x00000006c0000000,0x00000006c23a6260,0x00000006ca880000)
 Metaspace       used 72318K, capacity 76754K, committed 76888K, reserved 1116160K
  class space    used 10276K, capacity 11072K, committed 11136K, reserved 1048576K
Event: 454.809 GC heap after
Heap after GC invocations=12 (full 3):
 PSYoungGen      total 621056K, used 13340K [0x000000076ab00000, 0x0000000795680000, 0x00000007c0000000)
  eden space 607232K, 0% used [0x000000076ab00000,0x000000076ab00000,0x000000078fc00000)
  from space 13824K, 96% used [0x0000000793800000,0x0000000794507088,0x0000000794580000)
  to   space 17408K, 0% used [0x0000000794580000,0x0000000794580000,0x0000000795680000)
 ParOldGen       total 172544K, used 36512K [0x00000006c0000000, 0x00000006ca880000, 0x000000076ab00000)
  object space 172544K, 21% used [0x00000006c0000000,0x00000006c23a8260,0x00000006ca880000)
 Metaspace       used 72318K, capacity 76754K, committed 76888K, reserved 1116160K
  class space    used 10276K, capacity 11072K, committed 11136K, reserved 1048576K
}
Event: 454.809 GC heap before
{Heap before GC invocations=13 (full 4):
 PSYoungGen      total 621056K, used 13340K [0x000000076ab00000, 0x0000000795680000, 0x00000007c0000000)
  eden space 607232K, 0% used [0x000000076ab00000,0x000000076ab00000,0x000000078fc00000)
  from space 13824K, 96% used [0x0000000793800000,0x0000000794507088,0x0000000794580000)
  to   space 17408K, 0% used [0x0000000794580000,0x0000000794580000,0x0000000795680000)
 ParOldGen       total 172544K, used 36512K [0x00000006c0000000, 0x00000006ca880000, 0x000000076ab00000)
  object space 172544K, 21% used [0x00000006c0000000,0x00000006c23a8260,0x00000006ca880000)
 Metaspace       used 72318K, capacity 76754K, committed 76888K, reserved 1116160K
  class space    used 10276K, capacity 11072K, committed 11136K, reserved 1048576K
Event: 454.972 GC heap after
Heap after GC invocations=13 (full 4):
 PSYoungGen      total 621056K, used 0K [0x000000076ab00000, 0x0000000795680000, 0x00000007c0000000)
  eden space 607232K, 0% used [0x000000076ab00000,0x000000076ab00000,0x000000078fc00000)
  from space 13824K, 0% used [0x0000000793800000,0x0000000793800000,0x0000000794580000)
  to   space 17408K, 0% used [0x0000000794580000,0x0000000794580000,0x0000000795680000)
 ParOldGen       total 172544K, used 34258K [0x00000006c0000000, 0x00000006ca880000, 0x000000076ab00000)
  object space 172544K, 19% used [0x00000006c0000000,0x00000006c2174a98,0x00000006ca880000)
 Metaspace       used 72306K, capacity 76736K, committed 76888K, reserved 1116160K
  class space    used 10275K, capacity 11069K, committed 11136K, reserved 1048576K
}
Event: 462.810 GC heap before
{Heap before GC invocations=14 (full 4):
 PSYoungGen      total 621056K, used 339121K [0x000000076ab00000, 0x0000000795680000, 0x00000007c0000000)
  eden space 607232K, 55% used [0x000000076ab00000,0x000000077f62c520,0x000000078fc00000)
  from space 13824K, 0% used [0x0000000793800000,0x0000000793800000,0x0000000794580000)
  to   space 17408K, 0% used [0x0000000794580000,0x0000000794580000,0x0000000795680000)
 ParOldGen       total 172544K, used 34258K [0x00000006c0000000, 0x00000006ca880000, 0x000000076ab00000)
  object space 172544K, 19% used [0x00000006c0000000,0x00000006c2174a98,0x00000006ca880000)
 Metaspace       used 73202K, capacity 77882K, committed 78040K, reserved 1116160K
  class space    used 10359K, capacity 11179K, committed 11264K, reserved 1048576K
Event: 462.850 GC heap after
Heap after GC invocations=14 (full 4):
 PSYoungGen      total 614400K, used 6870K [0x000000076ab00000, 0x0000000794c80000, 0x00000007c0000000)
  eden space 607232K, 0% used [0x000000076ab00000,0x000000076ab00000,0x000000078fc00000)
  from space 7168K, 95% used [0x0000000794580000,0x0000000794c35a78,0x0000000794c80000)
  to   space 25088K, 0% used [0x0000000791b80000,0x0000000791b80000,0x0000000793400000)
 ParOldGen       total 172544K, used 34266K [0x00000006c0000000, 0x00000006ca880000, 0x000000076ab00000)
  object space 172544K, 19% used [0x00000006c0000000,0x00000006c2176a98,0x00000006ca880000)
 Metaspace       used 73202K, capacity 77882K, committed 78040K, reserved 1116160K
  class space    used 10359K, capacity 11179K, committed 11264K, reserved 1048576K
}
Event: 462.850 GC heap before
{Heap before GC invocations=15 (full 5):
 PSYoungGen      total 614400K, used 6870K [0x000000076ab00000, 0x0000000794c80000, 0x00000007c0000000)
  eden space 607232K, 0% used [0x000000076ab00000,0x000000076ab00000,0x000000078fc00000)
  from space 7168K, 95% used [0x0000000794580000,0x0000000794c35a78,0x0000000794c80000)
  to   space 25088K, 0% used [0x0000000791b80000,0x0000000791b80000,0x0000000793400000)
 ParOldGen       total 172544K, used 34266K [0x00000006c0000000, 0x00000006ca880000, 0x000000076ab00000)
  object space 172544K, 19% used [0x00000006c0000000,0x00000006c2176a98,0x00000006ca880000)
 Metaspace       used 73202K, capacity 77882K, committed 78040K, reserved 1116160K
  class space    used 10359K, capacity 11179K, committed 11264K, reserved 1048576K
Event: 463.020 GC heap after
Heap after GC invocations=15 (full 5):
 PSYoungGen      total 614400K, used 0K [0x000000076ab00000, 0x0000000794c80000, 0x00000007c0000000)
  eden space 607232K, 0% used [0x000000076ab00000,0x000000076ab00000,0x000000078fc00000)
  from space 7168K, 0% used [0x0000000794580000,0x0000000794580000,0x0000000794c80000)
  to   space 25088K, 0% used [0x0000000791b80000,0x0000000791b80000,0x0000000793400000)
 ParOldGen       total 172544K, used 36883K [0x00000006c0000000, 0x00000006ca880000, 0x000000076ab00000)
  object space 172544K, 21% used [0x00000006c0000000,0x00000006c2404d70,0x00000006ca880000)
 Metaspace       used 73200K, capacity 77876K, committed 78040K, reserved 1116160K
  class space    used 10358K, capacity 11177K, committed 11264K, reserved 1048576K
}

